<?xml version="1.0" encoding="UTF-8"?>
<!-- Generated by org.testng.reporters.JUnitXMLReporter -->
<testsuite ignored="0" hostname="Dell-PC" failures="0" tests="4" name="Test" time="1.017" errors="0" timestamp="2020-05-03T19:13:42 IST">
  <testcase classname="TestCases.HomePage" name="@BeforeTest initialize" time="0.681">
    <failure type="java.lang.IllegalStateException" message="The path to the driver executable must be set by the webdriver.gecko.driver system property; for more information, see https://github.com/mozilla/geckodriver. The latest version can be downloaded from https://github.com/mozilla/geckodriver/releases">
      <![CDATA[java.lang.IllegalStateException: The path to the driver executable must be set by the webdriver.gecko.driver system property; for more information, see https://github.com/mozilla/geckodriver. The latest version can be downloaded from https://github.com/mozilla/geckodriver/releases
at com.google.common.base.Preconditions.checkState(Preconditions.java:847)
at org.openqa.selenium.remote.service.DriverService.findExecutable(DriverService.java:134)
at org.openqa.selenium.firefox.GeckoDriverService.access$100(GeckoDriverService.java:44)
at org.openqa.selenium.firefox.GeckoDriverService$Builder.findDefaultExecutable(GeckoDriverService.java:167)
at org.openqa.selenium.remote.service.DriverService$Builder.build(DriverService.java:355)
at org.openqa.selenium.firefox.FirefoxDriver.toExecutor(FirefoxDriver.java:190)
at org.openqa.selenium.firefox.FirefoxDriver.<init>(FirefoxDriver.java:147)
at org.openqa.selenium.firefox.FirefoxDriver.<init>(FirefoxDriver.java:125)
at Resources.base.initializeDriver(base.java:55)
at TestCases.HomePage.initialize(HomePage.java:23)
... Removed 24 stack frames]]>
    </failure>
  </testcase> <!-- @BeforeTest initialize -->
  <testcase classname="TestCases.validateNavigationBar" name="@BeforeTest initialize" time="-1.588513421815E9">
    <skipped/>
  </testcase> <!-- @BeforeTest initialize -->
  <testcase classname="TestCases.Displayingtext" name="@AfterTest teardown" time="-1.588513422076E9">
    <skipped/>
  </testcase> <!-- @AfterTest teardown -->
  <testcase classname="TestCases.HomePage" name="@AfterTest teardown" time="-1.588513422079E9">
    <skipped/>
  </testcase> <!-- @AfterTest teardown -->
  <testcase classname="TestCases.validateNavigationBar" name="@AfterTest teardown" time="-1.58851342209E9">
    <skipped/>
  </testcase> <!-- @AfterTest teardown -->
  <testcase classname="TestCases.validateNavigationBar" name="validateAppNavBar" time="0.0">
    <skipped/>
  </testcase> <!-- validateAppNavBar -->
  <testcase classname="TestCases.HomePage" name="basePageNavigation" time="0.0">
    <skipped/>
  </testcase> <!-- basePageNavigation -->
  <testcase classname="TestCases.HomePage" name="basePageNavigation" time="0.0">
    <skipped/>
  </testcase> <!-- basePageNavigation -->
  <testcase classname="TestCases.Displayingtext" name="basePageNavigation" time="0.0">
    <skipped/>
  </testcase> <!-- basePageNavigation -->
</testsuite> <!-- Test -->
